INFO  [main] o.s.web.context.ContextLoader 2013-12-03 11:29:15,289 - Root WebApplicationContext: initialization started
INFO  [main] o.s.w.c.s.XmlWebApplicationContext 2013-12-03 11:29:15,582 - Refreshing Root WebApplicationContext: startup date [Tue Dec 03 11:29:15 CET 2013]; root of context hierarchy
INFO  [main] o.s.b.f.xml.XmlBeanDefinitionReader 2013-12-03 11:29:15,710 - Loading XML bean definitions from ServletContext resource [/WEB-INF/context/applicationContext.xml]
INFO  [main] o.s.c.a.ClassPathBeanDefinitionScanner 2013-12-03 11:29:16,171 - JSR-330 'javax.inject.Named' annotation found and supported for component scanning
INFO  [main] o.s.b.f.xml.XmlBeanDefinitionReader 2013-12-03 11:29:16,507 - Loading XML bean definitions from ServletContext resource [/WEB-INF/context/casContext.xml]
INFO  [main] o.s.b.f.c.PropertyPlaceholderConfigurer 2013-12-03 11:29:16,921 - Loading properties file from class path resource [configuration.properties]
INFO  [main] o.s.b.f.a.AutowiredAnnotationBeanPostProcessor 2013-12-03 11:29:16,954 - JSR-330 'javax.inject.Inject' annotation found and supported for autowiring
INFO  [main] o.s.b.f.s.DefaultListableBeanFactory 2013-12-03 11:29:17,020 - Pre-instantiating singletons in org.springframework.beans.factory.support.DefaultListableBeanFactory@637c67f9: defining beans [authenticationServiceRegistryImpl,linkServiceRegistryImpl,simpleEmailLinkService,org.springframework.context.annotation.internalConfigurationAnnotationProcessor,org.springframework.context.annotation.internalAutowiredAnnotationProcessor,org.springframework.context.annotation.internalRequiredAnnotationProcessor,org.springframework.context.annotation.internalCommonAnnotationProcessor,exceptionResolver,propertyConfigurer,linkServices,org.springframework.web.servlet.view.XmlViewResolver#0,jspViewResolver,messageSource,jsErrorMessages,jsMessages,mobileDeviceRegexes,demoAuthenticationService,cachedPasswordAuthenticationService,portletPreferencesCredentialsAuthenticationService,stringEncryptionService,ticketValidationFilter,ticketValidator,casTicketService,proxyGrantingTicketStorage,casAuthenticationService,org.springframework.context.annotation.ConfigurationClassPostProcessor$ImportAwareBeanPostProcessor#0]; root of factory hierarchy
INFO  [main] o.s.b.f.xml.XmlBeanDefinitionReader 2013-12-03 11:29:17,170 - Loading XML bean definitions from ServletContext resource [/WEB-INF/context/views.xml]
INFO  [main] o.s.w.c.s.GenericWebApplicationContext 2013-12-03 11:29:17,209 - Refreshing org.springframework.web.context.support.GenericWebApplicationContext@7657a1c7: startup date [Tue Dec 03 11:29:17 CET 2013]; parent: Root WebApplicationContext
INFO  [main] o.s.b.f.s.DefaultListableBeanFactory 2013-12-03 11:29:17,238 - Pre-instantiating singletons in org.springframework.beans.factory.support.DefaultListableBeanFactory@50cd70f7: defining beans [json]; parent: org.springframework.beans.factory.support.DefaultListableBeanFactory@637c67f9
ERROR [main] o.j.p.e.s.JasyptPBEStringEncryptionServiceImpl 2013-12-03 11:29:18,471 - Encryption key at default value.  Change it in configuration.properties for improved security!
INFO  [main] o.s.web.context.ContextLoader 2013-12-03 11:29:18,755 - Root WebApplicationContext: initialization completed in 3418 ms
INFO  [Timer-1] o.s.web.portlet.DispatcherPortlet 2013-12-03 11:29:29,436 - Initializing portlet 'demo-email-preview'
INFO  [Timer-1] o.s.web.portlet.DispatcherPortlet 2013-12-03 11:29:29,467 - FrameworkPortlet 'demo-email-preview': initialization started
INFO  [Timer-1] o.s.w.p.c.XmlPortletApplicationContext 2013-12-03 11:29:29,473 - Refreshing PortletApplicationContext for namespace 'demo-email-preview-portlet': startup date [Tue Dec 03 11:29:29 CET 2013]; parent: Root WebApplicationContext
INFO  [Timer-1] o.s.b.f.xml.XmlBeanDefinitionReader 2013-12-03 11:29:29,474 - Loading XML bean definitions from PortletContext resource [/WEB-INF/context/portlet/demo-email-preview.xml]
INFO  [Timer-1] o.s.c.a.ClassPathBeanDefinitionScanner 2013-12-03 11:29:29,542 - JSR-330 'javax.inject.Named' annotation found and supported for component scanning
INFO  [Timer-1] o.s.c.a.ClassPathBeanDefinitionScanner 2013-12-03 11:29:29,606 - JSR-330 'javax.inject.Named' annotation found and supported for component scanning
INFO  [Timer-1] o.s.c.a.ClassPathBeanDefinitionScanner 2013-12-03 11:29:29,610 - JSR-330 'javax.inject.Named' annotation found and supported for component scanning
INFO  [Timer-1] o.s.b.f.a.AutowiredAnnotationBeanPostProcessor 2013-12-03 11:29:29,658 - JSR-330 'javax.inject.Inject' annotation found and supported for autowiring
INFO  [Timer-1] o.s.b.f.s.DefaultListableBeanFactory 2013-12-03 11:29:29,661 - Pre-instantiating singletons in org.springframework.beans.factory.support.DefaultListableBeanFactory@1da52b3b: defining beans [ajaxUpdateInboxFolderController,ajaxUpdatePageSizeController,editPreferencesController,emailAccountSummaryController,emailHelpController,emailMessageController,emailSummaryController,mailStoreConfigurationController,viewSelectorDefault,org.springframework.context.annotation.internalConfigurationAnnotationProcessor,org.springframework.context.annotation.internalAutowiredAnnotationProcessor,org.springframework.context.annotation.internalRequiredAnnotationProcessor,org.springframework.context.annotation.internalCommonAnnotationProcessor,demoAccountService,messageUtils,org.jasig.portlet.emailpreview.service.SimpleServiceBroker#0,nonUserProtocols,org.springframework.context.annotation.ConfigurationClassPostProcessor$ImportAwareBeanPostProcessor#0]; parent: org.springframework.beans.factory.support.DefaultListableBeanFactory@637c67f9
INFO  [Timer-1] o.s.web.portlet.DispatcherPortlet 2013-12-03 11:29:30,127 - FrameworkPortlet 'demo-email-preview': initialization completed in 660 ms
INFO  [Timer-1] o.s.web.portlet.DispatcherPortlet 2013-12-03 11:29:30,128 - Portlet 'demo-email-preview' configured successfully
INFO  [Timer-2] o.s.web.portlet.DispatcherPortlet 2013-12-03 11:29:30,129 - Initializing portlet 'email-preview'
INFO  [Timer-2] o.s.web.portlet.DispatcherPortlet 2013-12-03 11:29:30,133 - FrameworkPortlet 'email-preview': initialization started
INFO  [Timer-2] o.s.w.p.c.XmlPortletApplicationContext 2013-12-03 11:29:30,135 - Refreshing PortletApplicationContext for namespace 'email-preview-portlet': startup date [Tue Dec 03 11:29:30 CET 2013]; parent: Root WebApplicationContext
INFO  [Timer-2] o.s.b.f.xml.XmlBeanDefinitionReader 2013-12-03 11:29:30,137 - Loading XML bean definitions from PortletContext resource [/WEB-INF/context/portlet/email-preview.xml]
INFO  [Timer-2] o.s.c.a.ClassPathBeanDefinitionScanner 2013-12-03 11:29:30,196 - JSR-330 'javax.inject.Named' annotation found and supported for component scanning
INFO  [Timer-2] o.s.c.a.ClassPathBeanDefinitionScanner 2013-12-03 11:29:30,212 - JSR-330 'javax.inject.Named' annotation found and supported for component scanning
INFO  [Timer-2] o.s.c.a.ClassPathBeanDefinitionScanner 2013-12-03 11:29:30,233 - JSR-330 'javax.inject.Named' annotation found and supported for component scanning
INFO  [Timer-2] o.s.c.a.ClassPathBeanDefinitionScanner 2013-12-03 11:29:30,249 - JSR-330 'javax.inject.Named' annotation found and supported for component scanning
INFO  [Timer-2] o.s.b.f.a.AutowiredAnnotationBeanPostProcessor 2013-12-03 11:29:30,805 - JSR-330 'javax.inject.Inject' annotation found and supported for autowiring
INFO  [Timer-2] o.s.b.f.s.DefaultListableBeanFactory 2013-12-03 11:29:30,809 - Pre-instantiating singletons in org.springframework.beans.factory.support.DefaultListableBeanFactory@3a34c0bd: defining beans [ajaxUpdateInboxFolderController,ajaxUpdatePageSizeController,editPreferencesController,emailAccountSummaryController,emailHelpController,emailMessageController,emailSummaryController,mailStoreConfigurationController,viewSelectorDefault,org.springframework.context.annotation.internalConfigurationAnnotationProcessor,org.springframework.context.annotation.internalAutowiredAnnotationProcessor,org.springframework.context.annotation.internalRequiredAnnotationProcessor,org.springframework.context.annotation.internalCommonAnnotationProcessor,javamailAccountDaoImpl,autodiscoverRedirectStrategy,mailCredentialsProvider,messageUtils,cacheManager,inboxCache,exchangeChangeKeyCache,exchangeFolderCache,mailboxServernameCache,mbeanServer,org.springframework.beans.factory.config.MethodInvokingFactoryBean#0,simpleServiceBroker,nonUserProtocols,javamailAccountService,exchangeAccountService,marshaller,httpClientConnectionManager,httpClient,removeHttpHeaders,registerHttpRequestInterceptor,webServiceMessageSender,webServiceTemplate,exchangeAccountDao,autodiscoverWebServiceTemplate,exchangeAutodiscoverDao,org.springframework.context.annotation.ConfigurationClassPostProcessor$ImportAwareBeanPostProcessor#0]; parent: org.springframework.beans.factory.support.DefaultListableBeanFactory@637c67f9
INFO  [Timer-2] o.s.c.e.EhCacheManagerFactoryBean 2013-12-03 11:29:30,969 - Initializing EHCache CacheManager
INFO  [Timer-2] o.s.w.s.saaj.SaajSoapMessageFactory 2013-12-03 11:29:32,591 - Creating SAAJ 1.3 MessageFactory with SOAP 1.1 Protocol
INFO  [Timer-2] o.s.oxm.jaxb.Jaxb2Marshaller 2013-12-03 11:29:32,659 - Creating JAXBContext with context path [com.microsoft.exchange.messages:com.microsoft.exchange.types:com.microsoft.exchange.autodiscover]
INFO  [Timer-2] o.s.w.s.saaj.SaajSoapMessageFactory 2013-12-03 11:29:37,351 - Creating SAAJ 1.3 MessageFactory with SOAP 1.1 Protocol
INFO  [Timer-2] o.s.w.s.saaj.SaajSoapMessageFactory 2013-12-03 11:29:37,451 - Creating SAAJ 1.3 MessageFactory with SOAP 1.1 Protocol
INFO  [Timer-2] o.s.web.portlet.DispatcherPortlet 2013-12-03 11:29:37,487 - FrameworkPortlet 'email-preview': initialization completed in 7354 ms
INFO  [Timer-2] o.s.web.portlet.DispatcherPortlet 2013-12-03 11:29:37,488 - Portlet 'email-preview' configured successfully
WARN  [1024870177@qtp-761686746-5] o.j.r.u.a.ResourcesElementsProviderUtils 2013-12-03 11:29:43,848 - No ResourcesElementsProvider found as a ServletContext attribute. Creating a new ResourcesElementsProviderImpl and caching it in the ServletContext under key: org.jasig.resourceserver.utils.aggr.ResourcesElementsProvider
WARN  [1024870177@qtp-761686746-5] o.j.r.u.a.ResourcesElementsProviderImpl 2013-12-03 11:29:43,962 - Could not find resource serving webapp under context path /ResourceServingWebapp ensure the resource server is deployed and cross context dispatching is enable for this web application
WARN  [1024870177@qtp-761686746-5] o.j.r.u.a.ResourcesElementsProviderImpl 2013-12-03 11:29:43,963 - Could not find resource serving webapp under context path /ResourceServingWebapp ensure the resource server is deployed and cross context dispatching is enable for this web application
WARN  [1024870177@qtp-761686746-5] o.j.r.u.a.ResourcesElementsProviderImpl 2013-12-03 11:29:43,963 - Could not find resource serving webapp under context path /ResourceServingWebapp ensure the resource server is deployed and cross context dispatching is enable for this web application
INFO  [main] o.s.web.context.ContextLoader 2013-12-03 11:43:03,318 - Root WebApplicationContext: initialization started
INFO  [main] o.s.w.c.s.XmlWebApplicationContext 2013-12-03 11:43:03,618 - Refreshing Root WebApplicationContext: startup date [Tue Dec 03 11:43:03 CET 2013]; root of context hierarchy
INFO  [main] o.s.b.f.xml.XmlBeanDefinitionReader 2013-12-03 11:43:03,791 - Loading XML bean definitions from ServletContext resource [/WEB-INF/context/applicationContext.xml]
INFO  [main] o.s.c.a.ClassPathBeanDefinitionScanner 2013-12-03 11:43:04,319 - JSR-330 'javax.inject.Named' annotation found and supported for component scanning
INFO  [main] o.s.b.f.xml.XmlBeanDefinitionReader 2013-12-03 11:43:04,484 - Loading XML bean definitions from ServletContext resource [/WEB-INF/context/casContext.xml]
INFO  [main] o.s.b.f.c.PropertyPlaceholderConfigurer 2013-12-03 11:43:04,920 - Loading properties file from class path resource [configuration.properties]
INFO  [main] o.s.b.f.a.AutowiredAnnotationBeanPostProcessor 2013-12-03 11:43:04,929 - JSR-330 'javax.inject.Inject' annotation found and supported for autowiring
INFO  [main] o.s.b.f.s.DefaultListableBeanFactory 2013-12-03 11:43:05,051 - Pre-instantiating singletons in org.springframework.beans.factory.support.DefaultListableBeanFactory@20e0e9d5: defining beans [authenticationServiceRegistryImpl,linkServiceRegistryImpl,simpleEmailLinkService,org.springframework.context.annotation.internalConfigurationAnnotationProcessor,org.springframework.context.annotation.internalAutowiredAnnotationProcessor,org.springframework.context.annotation.internalRequiredAnnotationProcessor,org.springframework.context.annotation.internalCommonAnnotationProcessor,exceptionResolver,propertyConfigurer,linkServices,org.springframework.web.servlet.view.XmlViewResolver#0,jspViewResolver,messageSource,jsErrorMessages,jsMessages,mobileDeviceRegexes,demoAuthenticationService,cachedPasswordAuthenticationService,portletPreferencesCredentialsAuthenticationService,stringEncryptionService,ticketValidationFilter,ticketValidator,casTicketService,proxyGrantingTicketStorage,casAuthenticationService,org.springframework.context.annotation.ConfigurationClassPostProcessor$ImportAwareBeanPostProcessor#0]; root of factory hierarchy
INFO  [main] o.s.b.f.xml.XmlBeanDefinitionReader 2013-12-03 11:43:05,180 - Loading XML bean definitions from ServletContext resource [/WEB-INF/context/views.xml]
INFO  [main] o.s.w.c.s.GenericWebApplicationContext 2013-12-03 11:43:05,224 - Refreshing org.springframework.web.context.support.GenericWebApplicationContext@13dc696e: startup date [Tue Dec 03 11:43:05 CET 2013]; parent: Root WebApplicationContext
INFO  [main] o.s.b.f.s.DefaultListableBeanFactory 2013-12-03 11:43:05,257 - Pre-instantiating singletons in org.springframework.beans.factory.support.DefaultListableBeanFactory@49ddf47e: defining beans [json]; parent: org.springframework.beans.factory.support.DefaultListableBeanFactory@20e0e9d5
ERROR [main] o.j.p.e.s.JasyptPBEStringEncryptionServiceImpl 2013-12-03 11:43:06,155 - Encryption key at default value.  Change it in configuration.properties for improved security!
INFO  [main] o.s.web.context.ContextLoader 2013-12-03 11:43:06,220 - Root WebApplicationContext: initialization completed in 2883 ms
INFO  [Timer-1] o.s.web.portlet.DispatcherPortlet 2013-12-03 11:43:16,704 - Initializing portlet 'demo-email-preview'
INFO  [Timer-1] o.s.web.portlet.DispatcherPortlet 2013-12-03 11:43:16,730 - FrameworkPortlet 'demo-email-preview': initialization started
INFO  [Timer-1] o.s.w.p.c.XmlPortletApplicationContext 2013-12-03 11:43:16,736 - Refreshing PortletApplicationContext for namespace 'demo-email-preview-portlet': startup date [Tue Dec 03 11:43:16 CET 2013]; parent: Root WebApplicationContext
INFO  [Timer-1] o.s.b.f.xml.XmlBeanDefinitionReader 2013-12-03 11:43:16,738 - Loading XML bean definitions from PortletContext resource [/WEB-INF/context/portlet/demo-email-preview.xml]
INFO  [Timer-1] o.s.c.a.ClassPathBeanDefinitionScanner 2013-12-03 11:43:16,803 - JSR-330 'javax.inject.Named' annotation found and supported for component scanning
INFO  [Timer-1] o.s.c.a.ClassPathBeanDefinitionScanner 2013-12-03 11:43:16,834 - JSR-330 'javax.inject.Named' annotation found and supported for component scanning
INFO  [Timer-1] o.s.c.a.ClassPathBeanDefinitionScanner 2013-12-03 11:43:16,837 - JSR-330 'javax.inject.Named' annotation found and supported for component scanning
INFO  [Timer-1] o.s.b.f.a.AutowiredAnnotationBeanPostProcessor 2013-12-03 11:43:16,874 - JSR-330 'javax.inject.Inject' annotation found and supported for autowiring
INFO  [Timer-1] o.s.b.f.s.DefaultListableBeanFactory 2013-12-03 11:43:16,877 - Pre-instantiating singletons in org.springframework.beans.factory.support.DefaultListableBeanFactory@4aafaa85: defining beans [ajaxUpdateInboxFolderController,ajaxUpdatePageSizeController,editPreferencesController,emailAccountSummaryController,emailHelpController,emailMessageController,emailSummaryController,mailStoreConfigurationController,viewSelectorDefault,org.springframework.context.annotation.internalConfigurationAnnotationProcessor,org.springframework.context.annotation.internalAutowiredAnnotationProcessor,org.springframework.context.annotation.internalRequiredAnnotationProcessor,org.springframework.context.annotation.internalCommonAnnotationProcessor,demoAccountService,messageUtils,org.jasig.portlet.emailpreview.service.SimpleServiceBroker#0,nonUserProtocols,org.springframework.context.annotation.ConfigurationClassPostProcessor$ImportAwareBeanPostProcessor#0]; parent: org.springframework.beans.factory.support.DefaultListableBeanFactory@20e0e9d5
INFO  [Timer-1] o.s.web.portlet.DispatcherPortlet 2013-12-03 11:43:17,298 - FrameworkPortlet 'demo-email-preview': initialization completed in 567 ms
INFO  [Timer-1] o.s.web.portlet.DispatcherPortlet 2013-12-03 11:43:17,298 - Portlet 'demo-email-preview' configured successfully
INFO  [Timer-2] o.s.web.portlet.DispatcherPortlet 2013-12-03 11:43:17,300 - Initializing portlet 'email-preview'
INFO  [Timer-2] o.s.web.portlet.DispatcherPortlet 2013-12-03 11:43:17,304 - FrameworkPortlet 'email-preview': initialization started
INFO  [Timer-2] o.s.w.p.c.XmlPortletApplicationContext 2013-12-03 11:43:17,306 - Refreshing PortletApplicationContext for namespace 'email-preview-portlet': startup date [Tue Dec 03 11:43:17 CET 2013]; parent: Root WebApplicationContext
INFO  [Timer-2] o.s.b.f.xml.XmlBeanDefinitionReader 2013-12-03 11:43:17,307 - Loading XML bean definitions from PortletContext resource [/WEB-INF/context/portlet/email-preview.xml]
INFO  [Timer-2] o.s.c.a.ClassPathBeanDefinitionScanner 2013-12-03 11:43:17,367 - JSR-330 'javax.inject.Named' annotation found and supported for component scanning
INFO  [Timer-2] o.s.c.a.ClassPathBeanDefinitionScanner 2013-12-03 11:43:17,380 - JSR-330 'javax.inject.Named' annotation found and supported for component scanning
INFO  [Timer-2] o.s.c.a.ClassPathBeanDefinitionScanner 2013-12-03 11:43:17,384 - JSR-330 'javax.inject.Named' annotation found and supported for component scanning
INFO  [Timer-2] o.s.c.a.ClassPathBeanDefinitionScanner 2013-12-03 11:43:17,391 - JSR-330 'javax.inject.Named' annotation found and supported for component scanning
INFO  [Timer-2] o.s.b.f.a.AutowiredAnnotationBeanPostProcessor 2013-12-03 11:43:17,528 - JSR-330 'javax.inject.Inject' annotation found and supported for autowiring
INFO  [Timer-2] o.s.b.f.s.DefaultListableBeanFactory 2013-12-03 11:43:17,532 - Pre-instantiating singletons in org.springframework.beans.factory.support.DefaultListableBeanFactory@753c31c8: defining beans [ajaxUpdateInboxFolderController,ajaxUpdatePageSizeController,editPreferencesController,emailAccountSummaryController,emailHelpController,emailMessageController,emailSummaryController,mailStoreConfigurationController,viewSelectorDefault,org.springframework.context.annotation.internalConfigurationAnnotationProcessor,org.springframework.context.annotation.internalAutowiredAnnotationProcessor,org.springframework.context.annotation.internalRequiredAnnotationProcessor,org.springframework.context.annotation.internalCommonAnnotationProcessor,javamailAccountDaoImpl,autodiscoverRedirectStrategy,mailCredentialsProvider,messageUtils,cacheManager,inboxCache,exchangeChangeKeyCache,exchangeFolderCache,mailboxServernameCache,mbeanServer,org.springframework.beans.factory.config.MethodInvokingFactoryBean#0,simpleServiceBroker,nonUserProtocols,javamailAccountService,exchangeAccountService,marshaller,httpClientConnectionManager,httpClient,removeHttpHeaders,registerHttpRequestInterceptor,webServiceMessageSender,webServiceTemplate,exchangeAccountDao,autodiscoverWebServiceTemplate,exchangeAutodiscoverDao,org.springframework.context.annotation.ConfigurationClassPostProcessor$ImportAwareBeanPostProcessor#0]; parent: org.springframework.beans.factory.support.DefaultListableBeanFactory@20e0e9d5
INFO  [Timer-2] o.s.c.e.EhCacheManagerFactoryBean 2013-12-03 11:43:17,730 - Initializing EHCache CacheManager
INFO  [Timer-2] o.s.w.s.saaj.SaajSoapMessageFactory 2013-12-03 11:43:18,516 - Creating SAAJ 1.3 MessageFactory with SOAP 1.1 Protocol
INFO  [Timer-2] o.s.oxm.jaxb.Jaxb2Marshaller 2013-12-03 11:43:18,577 - Creating JAXBContext with context path [com.microsoft.exchange.messages:com.microsoft.exchange.types:com.microsoft.exchange.autodiscover]
INFO  [Timer-2] o.s.w.s.saaj.SaajSoapMessageFactory 2013-12-03 11:43:20,112 - Creating SAAJ 1.3 MessageFactory with SOAP 1.1 Protocol
INFO  [Timer-2] o.s.w.s.saaj.SaajSoapMessageFactory 2013-12-03 11:43:20,174 - Creating SAAJ 1.3 MessageFactory with SOAP 1.1 Protocol
INFO  [Timer-2] o.s.web.portlet.DispatcherPortlet 2013-12-03 11:43:20,211 - FrameworkPortlet 'email-preview': initialization completed in 2906 ms
INFO  [Timer-2] o.s.web.portlet.DispatcherPortlet 2013-12-03 11:43:20,211 - Portlet 'email-preview' configured successfully
WARN  [1707941375@qtp-1933840795-0] o.j.r.u.a.ResourcesElementsProviderUtils 2013-12-03 11:45:01,915 - No ResourcesElementsProvider found as a ServletContext attribute. Creating a new ResourcesElementsProviderImpl and caching it in the ServletContext under key: org.jasig.resourceserver.utils.aggr.ResourcesElementsProvider
WARN  [1707941375@qtp-1933840795-0] o.j.r.u.a.ResourcesElementsProviderImpl 2013-12-03 11:45:03,183 - Could not find resource serving webapp under context path /ResourceServingWebapp ensure the resource server is deployed and cross context dispatching is enable for this web application
WARN  [1707941375@qtp-1933840795-0] o.j.r.u.a.ResourcesElementsProviderImpl 2013-12-03 11:45:03,185 - Could not find resource serving webapp under context path /ResourceServingWebapp ensure the resource server is deployed and cross context dispatching is enable for this web application
WARN  [1707941375@qtp-1933840795-0] o.j.r.u.a.ResourcesElementsProviderImpl 2013-12-03 11:45:03,186 - Could not find resource serving webapp under context path /ResourceServingWebapp ensure the resource server is deployed and cross context dispatching is enable for this web application
